watermelon/unityLibrary/build/intermediates/manifest_merge_blame_file/debug/manifest-merger-blame-debug-report.txt
1<?xml version="1.0" encoding="utf-8"?>
2<!-- GENERATED BY UNITY. REMOVE THIS COMMENT TO PREVENT OVERWRITING WHEN EXPORTING AGAIN -->
3<manifest xmlns:android="http://schemas.android.com/apk/res/android"
4    xmlns:tools="http://schemas.android.com/tools"
5    package="com.unity3d.player"
6    android:versionCode="1"
7    android:versionName="1.0" >
8
9    <uses-sdk
10        android:minSdkVersion="21"
10-->src\main\AndroidManifest.xml
11        android:targetSdkVersion="30" />
11-->src\main\AndroidManifest.xml
12
13    <uses-feature android:glEsVersion="0x00020000" />
13-->src\main\AndroidManifest.xml:31:3-52
13-->src\main\AndroidManifest.xml:31:17-49
14    <uses-feature
14-->src\main\AndroidManifest.xml:32:3-33:34
15        android:name="android.hardware.touchscreen"
15-->src\main\AndroidManifest.xml:32:17-60
16        android:required="false" />
16-->src\main\AndroidManifest.xml:33:7-31
17    <uses-feature
17-->src\main\AndroidManifest.xml:34:3-35:34
18        android:name="android.hardware.touchscreen.multitouch"
18-->src\main\AndroidManifest.xml:34:17-71
19        android:required="false" />
19-->src\main\AndroidManifest.xml:35:7-31
20    <uses-feature
20-->src\main\AndroidManifest.xml:36:3-37:34
21        android:name="android.hardware.touchscreen.multitouch.distinct"
21-->src\main\AndroidManifest.xml:36:17-80
22        android:required="false" />
22-->src\main\AndroidManifest.xml:37:7-31
23
24    <application>
24-->src\main\AndroidManifest.xml:5:3-30:17
25        <activity
25-->src\main\AndroidManifest.xml:6:5-21:16
26            android:name="com.unity3d.player.UnityPlayerActivity"
26-->src\main\AndroidManifest.xml:6:15-68
27            android:configChanges="mcc|mnc|locale|touchscreen|keyboard|keyboardHidden|navigation|orientation|screenLayout|uiMode|screenSize|smallestScreenSize|fontScale|layoutDirection|density"
27-->src\main\AndroidManifest.xml:10:9-190
28            android:hardwareAccelerated="false"
28-->src\main\AndroidManifest.xml:11:9-44
29            android:launchMode="singleTask"
29-->src\main\AndroidManifest.xml:9:9-40
30            android:process=":unityplayer"
30-->src\main\AndroidManifest.xml:12:9-39
31            android:screenOrientation="fullSensor"
31-->src\main\AndroidManifest.xml:8:9-47
32            android:theme="@style/UnityThemeSelector" >
32-->src\main\AndroidManifest.xml:7:9-50
33            <intent-filter>
33-->src\main\AndroidManifest.xml:13:7-16:23
34                <action android:name="android.intent.action.MAIN" />
34-->src\main\AndroidManifest.xml:14:9-61
34-->src\main\AndroidManifest.xml:14:17-58
35
36                <category android:name="android.intent.category.LAUNCHER" />
36-->src\main\AndroidManifest.xml:15:9-69
36-->src\main\AndroidManifest.xml:15:19-66
37            </intent-filter>
38
39            <meta-data
39-->src\main\AndroidManifest.xml:17:7-18:34
40                android:name="unityplayer.UnityActivity"
40-->src\main\AndroidManifest.xml:17:18-58
41                android:value="true" />
41-->src\main\AndroidManifest.xml:18:11-31
42            <meta-data
42-->src\main\AndroidManifest.xml:19:7-20:34
43                android:name="android.notch_support"
43-->src\main\AndroidManifest.xml:19:18-54
44                android:value="true" />
44-->src\main\AndroidManifest.xml:20:11-31
45        </activity>
46
47        <meta-data
47-->src\main\AndroidManifest.xml:22:5-23:29
48            android:name="unity.splash-mode"
48-->src\main\AndroidManifest.xml:22:16-48
49            android:value="0" />
49-->src\main\AndroidManifest.xml:23:9-26
50        <meta-data
50-->src\main\AndroidManifest.xml:24:5-25:32
51            android:name="unity.splash-enable"
51-->src\main\AndroidManifest.xml:24:16-50
52            android:value="True" />
52-->src\main\AndroidManifest.xml:25:9-29
53        <meta-data
53-->src\main\AndroidManifest.xml:26:5-27:46
54            android:name="notch.config"
54-->src\main\AndroidManifest.xml:26:16-43
55            android:value="portrait|landscape" />
55-->src\main\AndroidManifest.xml:27:9-43
56        <meta-data
56-->src\main\AndroidManifest.xml:28:5-29:64
57            android:name="unity.build-id"
57-->src\main\AndroidManifest.xml:28:16-45
58            android:value="1ec3f78a-ec7c-480d-9728-bc6e5918fa7c" />
58-->src\main\AndroidManifest.xml:29:9-61
59    </application>
60
61</manifest>